SF:lib/s2cell_id.dart
DA:35,6
DA:36,6
DA:38,1
DA:40,1
DA:41,2
DA:42,6
DA:43,6
DA:45,1
DA:46,1
DA:47,1
DA:48,1
DA:49,1
DA:50,7
DA:51,2
DA:52,7
DA:53,3
DA:54,7
DA:55,3
DA:56,7
DA:57,3
DA:62,1
DA:65,1
DA:66,1
DA:67,1
DA:68,1
DA:69,2
DA:73,1
DA:74,3
DA:80,1
DA:82,1
DA:84,1
DA:85,4
DA:86,4
DA:87,4
DA:90,0
DA:92,1
DA:93,3
DA:95,1
DA:97,1
DA:105,2
DA:110,1
DA:117,2
DA:118,2
DA:119,6
DA:120,5
DA:121,2
DA:122,5
DA:123,2
DA:126,3
DA:130,1
DA:132,2
DA:133,3
DA:134,3
DA:136,1
DA:139,1
DA:152,2
DA:153,3
DA:154,1
DA:155,1
DA:156,7
DA:163,1
DA:164,3
DA:165,5
DA:169,1
DA:170,2
DA:171,5
DA:175,0
DA:176,0
DA:180,1
DA:181,4
DA:184,0
DA:188,0
DA:189,0
DA:204,0
DA:205,0
DA:206,0
DA:207,0
DA:208,0
DA:210,0
DA:212,0
DA:214,0
DA:218,0
DA:219,0
DA:220,0
DA:221,0
DA:224,0
DA:226,0
DA:228,0
DA:252,1
DA:253,4
DA:256,1
DA:257,1
DA:262,0
DA:264,0
DA:267,1
DA:270,3
DA:273,1
DA:276,5
DA:277,3
DA:279,2
DA:282,1
DA:285,5
DA:286,3
DA:288,2
LF:104
LH:81
end_of_record
SF:lib/s2latlng.dart
DA:28,0
DA:29,0
DA:30,0
DA:31,0
DA:32,6
DA:34,1
DA:35,3
DA:38,1
DA:39,3
DA:42,0
DA:43,0
DA:48,1
DA:49,9
DA:52,1
DA:53,1
DA:54,2
DA:55,2
DA:56,1
DA:57,6
LF:19
LH:13
end_of_record
SF:lib/r2point.dart
DA:20,1
DA:21,0
DA:23,0
DA:25,0
DA:26,0
DA:27,0
DA:28,0
DA:30,0
DA:34,1
DA:35,1
DA:38,1
DA:39,1
LF:12
LH:5
end_of_record
SF:lib/s1angle.dart
DA:23,0
DA:25,1
DA:27,3
DA:29,1
DA:30,1
DA:33,0
DA:34,0
DA:37,0
DA:38,0
DA:41,0
DA:42,0
DA:45,0
DA:47,0
DA:50,0
DA:53,0
DA:56,0
DA:58,0
DA:61,0
DA:63,0
LF:19
LH:4
end_of_record
SF:lib/s2coords.dart
DA:39,0
DA:40,0
DA:41,0
DA:43,0
DA:47,1
DA:48,1
DA:49,4
DA:51,5
DA:55,0
DA:56,0
DA:57,0
DA:60,1
DA:61,6
DA:64,0
DA:65,0
DA:66,0
DA:69,0
DA:71,0
DA:74,0
DA:76,0
DA:77,0
DA:78,0
DA:79,0
DA:80,0
DA:81,0
DA:82,0
DA:83,0
DA:84,0
DA:85,0
DA:87,0
DA:91,1
DA:93,1
DA:95,1
DA:96,4
DA:97,4
DA:99,1
DA:100,5
DA:101,4
DA:103,1
DA:104,5
DA:105,5
DA:107,1
DA:108,0
DA:109,0
DA:111,1
DA:112,4
DA:113,5
DA:116,5
DA:117,5
DA:123,1
DA:124,1
DA:125,3
DA:132,0
DA:133,0
DA:136,0
DA:137,0
DA:141,1
DA:142,1
DA:143,2
DA:144,3
DA:148,0
DA:149,0
DA:150,0
DA:152,0
DA:154,0
DA:157,0
DA:159,0
DA:160,0
DA:161,0
DA:162,0
DA:163,0
DA:164,0
DA:165,0
DA:166,0
DA:167,0
DA:168,0
DA:170,0
DA:174,0
DA:176,0
DA:177,0
DA:178,0
DA:179,0
DA:180,0
DA:181,0
DA:182,0
DA:183,0
DA:184,0
DA:185,0
DA:187,0
DA:191,0
DA:192,0
DA:195,0
DA:196,0
DA:199,0
DA:200,0
DA:203,0
DA:204,0
DA:205,0
DA:208,0
DA:209,0
DA:210,0
DA:211,0
DA:212,0
LF:103
LH:30
end_of_record
SF:lib/s2point.dart
DA:20,1
DA:22,1
DA:24,1
DA:25,1
DA:26,1
DA:27,1
DA:28,1
DA:29,1
DA:31,0
DA:35,1
DA:36,7
DA:39,1
DA:40,1
DA:41,3
DA:42,3
DA:43,3
LF:16
LH:15
end_of_record
SF:lib/util/bits/bits.dart
DA:19,0
DA:20,0
DA:23,0
DA:24,0
DA:25,0
DA:26,0
DA:28,0
DA:31,0
DA:35,0
DA:36,0
DA:37,0
DA:39,0
DA:41,0
DA:45,0
DA:46,0
DA:49,1
DA:51,3
DA:52,2
DA:53,1
DA:55,1
DA:57,1
DA:62,1
DA:63,1
DA:64,1
DA:66,4
DA:68,1
LF:26
LH:11
end_of_record
