SF:lib/s2cell_id.dart
DA:36,6
DA:37,6
DA:39,1
DA:41,1
DA:42,2
DA:43,6
DA:44,6
DA:46,1
DA:47,1
DA:48,1
DA:49,1
DA:50,1
DA:51,7
DA:52,2
DA:53,7
DA:54,3
DA:55,7
DA:56,3
DA:57,7
DA:58,3
DA:63,1
DA:66,1
DA:67,1
DA:68,1
DA:69,1
DA:70,2
DA:74,1
DA:75,3
DA:81,1
DA:83,1
DA:84,1
DA:85,3
DA:88,1
DA:89,1
DA:90,1
DA:92,1
DA:94,6
DA:97,8
DA:100,1
DA:101,1
DA:102,1
DA:103,2
DA:107,2
DA:108,1
DA:109,10
DA:110,2
DA:111,5
DA:112,6
DA:113,1
DA:114,2
DA:118,6
DA:119,0
DA:122,1
DA:125,1
DA:126,2
DA:129,1
DA:130,3
DA:133,1
DA:134,1
DA:135,1
DA:136,1
DA:137,1
DA:138,4
DA:139,4
DA:144,1
DA:145,11
DA:147,5
DA:149,1
DA:151,1
DA:152,4
DA:153,4
DA:154,4
DA:157,0
DA:159,1
DA:160,3
DA:162,1
DA:164,1
DA:172,2
DA:177,1
DA:184,2
DA:185,2
DA:186,6
DA:187,5
DA:188,2
DA:189,5
DA:190,2
DA:193,3
DA:197,1
DA:199,2
DA:200,3
DA:201,3
DA:203,1
DA:206,1
DA:219,2
DA:220,3
DA:221,1
DA:222,1
DA:223,7
DA:230,1
DA:231,3
DA:232,5
DA:236,1
DA:237,2
DA:238,5
DA:242,0
DA:243,0
DA:247,1
DA:248,4
DA:251,0
DA:255,0
DA:256,0
DA:271,0
DA:272,0
DA:273,0
DA:274,0
DA:275,0
DA:277,0
DA:279,0
DA:281,0
DA:285,0
DA:286,0
DA:287,0
DA:288,0
DA:291,0
DA:293,0
DA:295,0
DA:319,1
DA:320,4
DA:323,1
DA:324,1
DA:329,0
DA:331,0
DA:334,1
DA:337,3
DA:340,1
DA:343,5
DA:344,3
DA:346,2
DA:349,1
DA:352,5
DA:353,3
DA:355,2
LF:142
LH:118
end_of_record
SF:lib/s2latlng.dart
DA:28,4
DA:29,0
DA:30,0
DA:31,0
DA:32,6
DA:34,1
DA:35,3
DA:38,1
DA:39,3
DA:42,0
DA:43,0
DA:48,1
DA:49,9
DA:52,1
DA:53,1
DA:54,2
DA:55,2
DA:56,1
DA:57,6
LF:19
LH:14
end_of_record
SF:lib/r2point.dart
DA:20,1
DA:21,0
DA:23,0
DA:25,0
DA:26,0
DA:27,0
DA:28,0
DA:30,0
DA:34,1
DA:35,1
DA:38,1
DA:39,1
LF:12
LH:5
end_of_record
SF:lib/s1angle.dart
DA:23,0
DA:25,1
DA:27,3
DA:29,1
DA:30,1
DA:33,1
DA:34,3
DA:37,0
DA:38,0
DA:41,0
DA:42,0
DA:45,0
DA:47,0
DA:50,0
DA:53,0
DA:56,0
DA:58,0
DA:61,0
DA:63,0
LF:19
LH:6
end_of_record
SF:lib/s2coords.dart
DA:39,1
DA:40,1
DA:41,0
DA:43,7
DA:47,1
DA:48,1
DA:49,4
DA:51,5
DA:55,0
DA:56,0
DA:57,0
DA:60,1
DA:61,6
DA:64,0
DA:65,0
DA:66,0
DA:69,0
DA:71,0
DA:74,1
DA:76,1
DA:77,3
DA:78,1
DA:79,0
DA:80,1
DA:81,5
DA:82,0
DA:83,0
DA:84,0
DA:85,0
DA:87,0
DA:91,1
DA:93,1
DA:95,1
DA:96,4
DA:97,4
DA:99,1
DA:100,5
DA:101,4
DA:103,1
DA:104,5
DA:105,5
DA:107,1
DA:108,0
DA:109,0
DA:111,1
DA:112,4
DA:113,5
DA:116,5
DA:117,5
DA:123,1
DA:124,1
DA:125,3
DA:132,0
DA:133,0
DA:136,0
DA:137,0
DA:141,1
DA:142,1
DA:143,2
DA:144,3
DA:148,0
DA:149,0
DA:150,0
DA:152,0
DA:154,0
DA:157,0
DA:159,0
DA:160,0
DA:161,0
DA:162,0
DA:163,0
DA:164,0
DA:165,0
DA:166,0
DA:167,0
DA:168,0
DA:170,0
DA:174,0
DA:176,0
DA:177,0
DA:178,0
DA:179,0
DA:180,0
DA:181,0
DA:182,0
DA:183,0
DA:184,0
DA:185,0
DA:187,0
DA:191,0
DA:192,0
DA:195,0
DA:196,0
DA:199,0
DA:200,0
DA:203,0
DA:204,0
DA:205,0
DA:208,0
DA:209,0
DA:210,0
DA:211,0
DA:212,0
LF:103
LH:39
end_of_record
SF:lib/s2point.dart
DA:20,1
DA:22,1
DA:24,1
DA:25,1
DA:26,1
DA:27,1
DA:28,1
DA:29,1
DA:31,0
DA:35,1
DA:36,7
DA:39,1
DA:40,1
DA:41,3
DA:42,3
DA:43,3
LF:16
LH:15
end_of_record
SF:lib/util/bits/bits.dart
DA:19,0
DA:20,0
DA:23,0
DA:24,0
DA:25,0
DA:26,0
DA:28,0
DA:31,0
DA:35,0
DA:36,0
DA:37,0
DA:39,0
DA:41,0
DA:45,0
DA:46,0
DA:49,1
DA:51,3
DA:52,2
DA:53,1
DA:55,1
DA:57,1
DA:62,1
DA:63,1
DA:64,1
DA:66,4
DA:68,1
LF:26
LH:11
end_of_record
